Type                                  Module                      Label             Process   
----------------------------------------------------------------------------------------------
FEDRawDataCollection                  "rawDataRepacker"           ""                "HLT"     
GlobalObjectMapRecord                 "hltGtStage2ObjectMap"      ""                "HLT"     
edm::TriggerResults                   "TriggerResults"            ""                "HLT"     
trigger::TriggerEvent                 "hltTriggerSummaryAOD"      ""                "HLT"     
BXVector<GlobalAlgBlk>                "hltGtStage2Digis"          ""                "MyHLT"   
BXVector<GlobalAlgBlk>                "hltGtStage2ObjectMap"      ""                "MyHLT"   
BXVector<GlobalAlgBlk>                "simGtStage2Digis"          ""                "MyHLT"   
BXVector<GlobalAlgBlk>                "unpackGtStage2"            ""                "MyHLT"   
BXVector<GlobalExtBlk>                "hltGtStage2Digis"          ""                "MyHLT"   
BXVector<GlobalExtBlk>                "simGtExtFakeStage2Digis"   ""                "MyHLT"   
BXVector<GlobalExtBlk>                "unpackGtStage2"            ""                "MyHLT"   
BXVector<l1t::EGamma>                 "hltGtStage2Digis"          "EGamma"          "MyHLT"   
BXVector<l1t::EGamma>                 "unpackGtStage2"            "EGamma"          "MyHLT"   
BXVector<l1t::EGamma>                 "hltGtStage2Digis"          "EGamma2"         "MyHLT"   
BXVector<l1t::EGamma>                 "unpackGtStage2"            "EGamma2"         "MyHLT"   
BXVector<l1t::EGamma>                 "hltGtStage2Digis"          "EGamma3"         "MyHLT"   
BXVector<l1t::EGamma>                 "unpackGtStage2"            "EGamma3"         "MyHLT"   
BXVector<l1t::EGamma>                 "hltGtStage2Digis"          "EGamma4"         "MyHLT"   
BXVector<l1t::EGamma>                 "unpackGtStage2"            "EGamma4"         "MyHLT"   
BXVector<l1t::EGamma>                 "hltGtStage2Digis"          "EGamma5"         "MyHLT"   
BXVector<l1t::EGamma>                 "unpackGtStage2"            "EGamma5"         "MyHLT"   
BXVector<l1t::EGamma>                 "hltGtStage2Digis"          "EGamma6"         "MyHLT"   
BXVector<l1t::EGamma>                 "unpackGtStage2"            "EGamma6"         "MyHLT"   
BXVector<l1t::EtSum>                  "hltGtStage2Digis"          "EtSum"           "MyHLT"   
BXVector<l1t::EtSum>                  "unpackGtStage2"            "EtSum"           "MyHLT"   
BXVector<l1t::EtSum>                  "hltGtStage2Digis"          "EtSum2"          "MyHLT"   
BXVector<l1t::EtSum>                  "unpackGtStage2"            "EtSum2"          "MyHLT"   
BXVector<l1t::EtSum>                  "hltGtStage2Digis"          "EtSum3"          "MyHLT"   
BXVector<l1t::EtSum>                  "unpackGtStage2"            "EtSum3"          "MyHLT"   
BXVector<l1t::EtSum>                  "hltGtStage2Digis"          "EtSum4"          "MyHLT"   
BXVector<l1t::EtSum>                  "unpackGtStage2"            "EtSum4"          "MyHLT"   
BXVector<l1t::EtSum>                  "hltGtStage2Digis"          "EtSum5"          "MyHLT"   
BXVector<l1t::EtSum>                  "unpackGtStage2"            "EtSum5"          "MyHLT"   
BXVector<l1t::EtSum>                  "hltGtStage2Digis"          "EtSum6"          "MyHLT"   
BXVector<l1t::EtSum>                  "unpackGtStage2"            "EtSum6"          "MyHLT"   
BXVector<l1t::Jet>                    "hltGtStage2Digis"          "Jet"             "MyHLT"   
BXVector<l1t::Jet>                    "unpackGtStage2"            "Jet"             "MyHLT"   
BXVector<l1t::Jet>                    "hltGtStage2Digis"          "Jet2"            "MyHLT"   
BXVector<l1t::Jet>                    "unpackGtStage2"            "Jet2"            "MyHLT"   
BXVector<l1t::Jet>                    "hltGtStage2Digis"          "Jet3"            "MyHLT"   
BXVector<l1t::Jet>                    "unpackGtStage2"            "Jet3"            "MyHLT"   
BXVector<l1t::Jet>                    "hltGtStage2Digis"          "Jet4"            "MyHLT"   
BXVector<l1t::Jet>                    "unpackGtStage2"            "Jet4"            "MyHLT"   
BXVector<l1t::Jet>                    "hltGtStage2Digis"          "Jet5"            "MyHLT"   
BXVector<l1t::Jet>                    "unpackGtStage2"            "Jet5"            "MyHLT"   
BXVector<l1t::Jet>                    "hltGtStage2Digis"          "Jet6"            "MyHLT"   
BXVector<l1t::Jet>                    "unpackGtStage2"            "Jet6"            "MyHLT"   
BXVector<l1t::Muon>                   "hltL1MuonsPt0PPOnAA"       ""                "MyHLT"   
BXVector<l1t::Muon>                   "hltGtStage2Digis"          "Muon"            "MyHLT"   
BXVector<l1t::Muon>                   "unpackGtStage2"            "Muon"            "MyHLT"   
BXVector<l1t::Muon>                   "hltGtStage2Digis"          "Muon2"           "MyHLT"   
BXVector<l1t::Muon>                   "unpackGtStage2"            "Muon2"           "MyHLT"   
BXVector<l1t::Muon>                   "hltGtStage2Digis"          "Muon3"           "MyHLT"   
BXVector<l1t::Muon>                   "unpackGtStage2"            "Muon3"           "MyHLT"   
BXVector<l1t::Muon>                   "hltGtStage2Digis"          "Muon4"           "MyHLT"   
BXVector<l1t::Muon>                   "unpackGtStage2"            "Muon4"           "MyHLT"   
BXVector<l1t::Muon>                   "hltGtStage2Digis"          "Muon5"           "MyHLT"   
BXVector<l1t::Muon>                   "unpackGtStage2"            "Muon5"           "MyHLT"   
BXVector<l1t::Muon>                   "hltGtStage2Digis"          "Muon6"           "MyHLT"   
BXVector<l1t::Muon>                   "unpackGtStage2"            "Muon6"           "MyHLT"   
BXVector<l1t::Tau>                    "hltGtStage2Digis"          "Tau"             "MyHLT"   
BXVector<l1t::Tau>                    "unpackGtStage2"            "Tau"             "MyHLT"   
BXVector<l1t::Tau>                    "hltGtStage2Digis"          "Tau2"            "MyHLT"   
BXVector<l1t::Tau>                    "unpackGtStage2"            "Tau2"            "MyHLT"   
BXVector<l1t::Tau>                    "hltGtStage2Digis"          "Tau3"            "MyHLT"   
BXVector<l1t::Tau>                    "unpackGtStage2"            "Tau3"            "MyHLT"   
BXVector<l1t::Tau>                    "hltGtStage2Digis"          "Tau4"            "MyHLT"   
BXVector<l1t::Tau>                    "unpackGtStage2"            "Tau4"            "MyHLT"   
BXVector<l1t::Tau>                    "hltGtStage2Digis"          "Tau5"            "MyHLT"   
BXVector<l1t::Tau>                    "unpackGtStage2"            "Tau5"            "MyHLT"   
BXVector<l1t::Tau>                    "hltGtStage2Digis"          "Tau6"            "MyHLT"   
BXVector<l1t::Tau>                    "unpackGtStage2"            "Tau6"            "MyHLT"   
FEDRawDataCollection                  "hltFEDSelector"            ""                "MyHLT"   
FEDRawDataCollection                  "hltSiStripDigiToZSRaw"     ""                "MyHLT"   
FEDRawDataCollection                  "packGtStage2"              ""                "MyHLT"   
FEDRawDataCollection                  "rawDataCollector"          ""                "MyHLT"   
FEDRawDataCollection                  "rawDataReducedFormat"      ""                "MyHLT"   
FEDRawDataCollection                  "rawDataRepacker"           ""                "MyHLT"   
GlobalObjectMapRecord                 "hltGtStage2ObjectMap"      ""                "MyHLT"   
GlobalObjectMapRecord                 "simGtStage2Digis"          ""                "MyHLT"   
MuonDigiCollection<CSCDetId,CSCALCTDigi>    "hltMuonCSCDigis"           "MuonCSCALCTDigi"   "MyHLT"   
MuonDigiCollection<CSCDetId,CSCCLCTDigi>    "hltMuonCSCDigis"           "MuonCSCCLCTDigi"   "MyHLT"   
MuonDigiCollection<CSCDetId,CSCComparatorDigi>    "hltMuonCSCDigis"           "MuonCSCComparatorDigi"   "MyHLT"   
MuonDigiCollection<CSCDetId,CSCCorrelatedLCTDigi>    "hltMuonCSCDigis"           "MuonCSCCorrelatedLCTDigi"   "MyHLT"   
MuonDigiCollection<CSCDetId,CSCDCCFormatStatusDigi>    "hltMuonCSCDigis"           "MuonCSCDCCFormatStatusDigi"   "MyHLT"   
MuonDigiCollection<CSCDetId,CSCRPCDigi>    "hltMuonCSCDigis"           "MuonCSCRPCDigi"   "MyHLT"   
MuonDigiCollection<CSCDetId,CSCStripDigi>    "hltMuonCSCDigis"           "MuonCSCStripDigi"   "MyHLT"   
MuonDigiCollection<CSCDetId,CSCWireDigi>    "hltMuonCSCDigis"           "MuonCSCWireDigi"   "MyHLT"   
MuonDigiCollection<DTLayerId,DTDigi>    "hltMuonDTDigis"            ""                "MyHLT"   
MuonDigiCollection<RPCDetId,RPCDigi>    "hltMuonRPCDigis"           ""                "MyHLT"   
RPCRawDataCounts                      "hltMuonRPCDigis"           ""                "MyHLT"   
SiStripEventSummary                   "hltSiStripRawToDigi"       ""                "MyHLT"   
TCDSRecord                            "unpackTcds"                "tcdsRecord"      "MyHLT"   
bool                                  "hltIter2IterL3FromL1MuonPixelClusterCheckPPOnAA"   ""                "MyHLT"   
bool                                  "hltIter2IterL3MuonPixelClusterCheckPPOnAA"   ""                "MyHLT"   
bool                                  "hltIter3IterL3FromL1MuonPixelClusterCheckPPOnAA"   ""                "MyHLT"   
bool                                  "hltIter3IterL3MuonPixelClusterCheckPPOnAA"   ""                "MyHLT"   
edm::AssociationMap<edm::OneToMany<vector<L2MuonTrajectorySeed>,vector<L2MuonTrajectorySeed>,unsigned int> >    "hltL2MuonsPPOnAA"          ""                "MyHLT"   
edm::AssociationMap<edm::OneToOne<vector<reco::Track>,vector<reco::Track>,unsigned int> >    "hltL2MuonsPPOnAA"          ""                "MyHLT"   
edm::ContainerMask<edmNew::DetSetVector<SiPixelCluster> >    "hltIter2IterL3FromL1MuonClustersRefRemovalPPOnAA"   ""                "MyHLT"   
edm::ContainerMask<edmNew::DetSetVector<SiPixelCluster> >    "hltIter2IterL3MuonClustersRefRemovalPPOnAA"   ""                "MyHLT"   
edm::ContainerMask<edmNew::DetSetVector<SiPixelCluster> >    "hltIter3IterL3FromL1MuonClustersRefRemovalPPOnAA"   ""                "MyHLT"   
edm::ContainerMask<edmNew::DetSetVector<SiPixelCluster> >    "hltIter3IterL3MuonClustersRefRemovalPPOnAA"   ""                "MyHLT"   
edm::ContainerMask<edmNew::DetSetVector<SiStripCluster> >    "hltIter2IterL3FromL1MuonClustersRefRemovalPPOnAA"   ""                "MyHLT"   
edm::ContainerMask<edmNew::DetSetVector<SiStripCluster> >    "hltIter2IterL3MuonClustersRefRemovalPPOnAA"   ""                "MyHLT"   
edm::ContainerMask<edmNew::DetSetVector<SiStripCluster> >    "hltIter3IterL3FromL1MuonClustersRefRemovalPPOnAA"   ""                "MyHLT"   
edm::ContainerMask<edmNew::DetSetVector<SiStripCluster> >    "hltIter3IterL3MuonClustersRefRemovalPPOnAA"   ""                "MyHLT"   
edm::DetSetVector<PixelDigi>          "hltSiPixelDigis"           ""                "MyHLT"   
edm::DetSetVector<SiPixelRawDataError>    "hltSiPixelDigis"           ""                "MyHLT"   
edm::DetSetVector<SiStripDigi>        "hltSiStripRawToDigi"       "ZeroSuppressed"   "MyHLT"   
edm::DetSetVector<SiStripRawDigi>     "hltSiStripRawToDigi"       "ProcessedRaw"    "MyHLT"   
edm::DetSetVector<SiStripRawDigi>     "hltSiStripRawToDigi"       "ScopeMode"       "MyHLT"   
edm::DetSetVector<SiStripRawDigi>     "hltSiStripRawToDigi"       "VirginRaw"       "MyHLT"   
edm::EDCollection<DetId>              "hltSiPixelDigis"           ""                "MyHLT"   
edm::EDCollection<DetId>              "hltSiStripExcludedFEDListProducer"   ""                "MyHLT"   
edm::EDCollection<DetId>              "hltSiStripRawToDigi"       ""                "MyHLT"   
edm::EDCollection<DetId>              "hltSiPixelDigis"           "UserErrorModules"   "MyHLT"   
edm::OwnVector<TrackingRecHit,edm::ClonePolicy<TrackingRecHit> >    "hltIter0IterL3FromL1MuonCtfWithMaterialTracksPPOnAA"   ""                "MyHLT"   
edm::OwnVector<TrackingRecHit,edm::ClonePolicy<TrackingRecHit> >    "hltIter0IterL3FromL1MuonTrackSelectionHighPurityPPOnAA"   ""                "MyHLT"   
edm::OwnVector<TrackingRecHit,edm::ClonePolicy<TrackingRecHit> >    "hltIter0IterL3MuonCtfWithMaterialTracksPPOnAA"   ""                "MyHLT"   
edm::OwnVector<TrackingRecHit,edm::ClonePolicy<TrackingRecHit> >    "hltIter0IterL3MuonTrackSelectionHighPurityPPOnAA"   ""                "MyHLT"   
edm::OwnVector<TrackingRecHit,edm::ClonePolicy<TrackingRecHit> >    "hltIter2IterL3FromL1MuonCtfWithMaterialTracksPPOnAA"   ""                "MyHLT"   
edm::OwnVector<TrackingRecHit,edm::ClonePolicy<TrackingRecHit> >    "hltIter2IterL3FromL1MuonMergedPPOnAA"   ""                "MyHLT"   
edm::OwnVector<TrackingRecHit,edm::ClonePolicy<TrackingRecHit> >    "hltIter2IterL3FromL1MuonTrackSelectionHighPurityPPOnAA"   ""                "MyHLT"   
edm::OwnVector<TrackingRecHit,edm::ClonePolicy<TrackingRecHit> >    "hltIter2IterL3MuonCtfWithMaterialTracksPPOnAA"   ""                "MyHLT"   
edm::OwnVector<TrackingRecHit,edm::ClonePolicy<TrackingRecHit> >    "hltIter2IterL3MuonMergedPPOnAA"   ""                "MyHLT"   
edm::OwnVector<TrackingRecHit,edm::ClonePolicy<TrackingRecHit> >    "hltIter2IterL3MuonTrackSelectionHighPurityPPOnAA"   ""                "MyHLT"   
edm::OwnVector<TrackingRecHit,edm::ClonePolicy<TrackingRecHit> >    "hltIter3IterL3FromL1MuonCtfWithMaterialTracksPPOnAA"   ""                "MyHLT"   
edm::OwnVector<TrackingRecHit,edm::ClonePolicy<TrackingRecHit> >    "hltIter3IterL3FromL1MuonMergedPPOnAA"   ""                "MyHLT"   
edm::OwnVector<TrackingRecHit,edm::ClonePolicy<TrackingRecHit> >    "hltIter3IterL3FromL1MuonTrackSelectionHighPurityPPOnAA"   ""                "MyHLT"   
edm::OwnVector<TrackingRecHit,edm::ClonePolicy<TrackingRecHit> >    "hltIter3IterL3MuonCtfWithMaterialTracksPPOnAA"   ""                "MyHLT"   
edm::OwnVector<TrackingRecHit,edm::ClonePolicy<TrackingRecHit> >    "hltIter3IterL3MuonMergedPPOnAA"   ""                "MyHLT"   
edm::OwnVector<TrackingRecHit,edm::ClonePolicy<TrackingRecHit> >    "hltIter3IterL3MuonTrackSelectionHighPurityPPOnAA"   ""                "MyHLT"   
edm::OwnVector<TrackingRecHit,edm::ClonePolicy<TrackingRecHit> >    "hltIterL3FromL1MuonPixelTracksPPOnAA"   ""                "MyHLT"   
edm::OwnVector<TrackingRecHit,edm::ClonePolicy<TrackingRecHit> >    "hltIterL3GlbMuonPPOnAA"    ""                "MyHLT"   
edm::OwnVector<TrackingRecHit,edm::ClonePolicy<TrackingRecHit> >    "hltIterL3MuonAndMuonFromL1MergedPPOnAA"   ""                "MyHLT"   
edm::OwnVector<TrackingRecHit,edm::ClonePolicy<TrackingRecHit> >    "hltIterL3MuonMergedPPOnAA"   ""                "MyHLT"   
edm::OwnVector<TrackingRecHit,edm::ClonePolicy<TrackingRecHit> >    "hltIterL3MuonPixelTracksPPOnAA"   ""                "MyHLT"   
edm::OwnVector<TrackingRecHit,edm::ClonePolicy<TrackingRecHit> >    "hltIterL3MuonTracksPPOnAA"   ""                "MyHLT"   
edm::OwnVector<TrackingRecHit,edm::ClonePolicy<TrackingRecHit> >    "hltIterL3OIMuCtfWithMaterialTracksPPOnAA"   ""                "MyHLT"   
edm::OwnVector<TrackingRecHit,edm::ClonePolicy<TrackingRecHit> >    "hltIterL3OIMuonTrackSelectionHighPurityPPOnAA"   ""                "MyHLT"   
edm::OwnVector<TrackingRecHit,edm::ClonePolicy<TrackingRecHit> >    "hltL2MuonsPPOnAA"          ""                "MyHLT"   
edm::OwnVector<TrackingRecHit,edm::ClonePolicy<TrackingRecHit> >    "hltL3MuonsIterL3IOPPOnAA"   ""                "MyHLT"   
edm::OwnVector<TrackingRecHit,edm::ClonePolicy<TrackingRecHit> >    "hltL3MuonsIterL3OIPPOnAA"   ""                "MyHLT"   
edm::OwnVector<TrackingRecHit,edm::ClonePolicy<TrackingRecHit> >    "hltIterL3GlbMuonPPOnAA"    "L2Seeded"        "MyHLT"   
edm::OwnVector<TrackingRecHit,edm::ClonePolicy<TrackingRecHit> >    "hltL3MuonsIterL3IOPPOnAA"   "L2Seeded"        "MyHLT"   
edm::OwnVector<TrackingRecHit,edm::ClonePolicy<TrackingRecHit> >    "hltL3MuonsIterL3OIPPOnAA"   "L2Seeded"        "MyHLT"   
edm::RangeMap<CSCDetId,edm::OwnVector<CSCRecHit2D,edm::ClonePolicy<CSCRecHit2D> >,edm::ClonePolicy<CSCRecHit2D> >    "hltCsc2DRecHits"           ""                "MyHLT"   
edm::RangeMap<CSCDetId,edm::OwnVector<CSCSegment,edm::ClonePolicy<CSCSegment> >,edm::ClonePolicy<CSCSegment> >    "hltCscSegments"            ""                "MyHLT"   
edm::RangeMap<DTChamberId,edm::OwnVector<DTRecSegment4D,edm::ClonePolicy<DTRecSegment4D> >,edm::ClonePolicy<DTRecSegment4D> >    "hltDt4DSegments"           ""                "MyHLT"   
edm::RangeMap<DTLayerId,edm::OwnVector<DTRecHit1DPair,edm::ClonePolicy<DTRecHit1DPair> >,edm::ClonePolicy<DTRecHit1DPair> >    "hltDt1DRecHits"            ""                "MyHLT"   
edm::RangeMap<RPCDetId,edm::OwnVector<RPCRecHit,edm::ClonePolicy<RPCRecHit> >,edm::ClonePolicy<RPCRecHit> >    "hltRpcRecHits"             ""                "MyHLT"   
edm::TriggerResults                   "TriggerResults"            ""                "MyHLT"   
edm::ValueMap<float>                  "hltIter2IterL3FromL1MuonMergedPPOnAA"   "MVAVals"         "MyHLT"   
edm::ValueMap<float>                  "hltIter2IterL3MuonMergedPPOnAA"   "MVAVals"         "MyHLT"   
edm::ValueMap<float>                  "hltIter3IterL3FromL1MuonMergedPPOnAA"   "MVAVals"         "MyHLT"   
edm::ValueMap<float>                  "hltIter3IterL3MuonMergedPPOnAA"   "MVAVals"         "MyHLT"   
edm::ValueMap<float>                  "hltIterL3MuonAndMuonFromL1MergedPPOnAA"   "MVAVals"         "MyHLT"   
edm::ValueMap<float>                  "hltIterL3MuonMergedPPOnAA"   "MVAVals"         "MyHLT"   
edm::ValueMap<reco::MuonTimeExtra>    "hltIterL3MuonsNoIDPPOnAA"   "combined"        "MyHLT"   
edm::ValueMap<reco::MuonTimeExtra>    "hltIterL3MuonsNoIDPPOnAA"   "csc"             "MyHLT"   
edm::ValueMap<reco::MuonTimeExtra>    "hltIterL3MuonsNoIDPPOnAA"   "dt"              "MyHLT"   
edmNew::DetSetVector<PixelFEDChannel>    "hltSiPixelDigis"           ""                "MyHLT"   
edmNew::DetSetVector<SiPixelCluster>    "hltSiPixelClustersPPOnAA"   ""                "MyHLT"   
edmNew::DetSetVector<SiPixelRecHit>    "hltSiPixelRecHitsPPOnAA"   ""                "MyHLT"   
edmNew::DetSetVector<SiStripCluster>    "hltHITrackingSiStripRawToClustersFacilityZeroSuppression"   ""                "MyHLT"   
reco::BeamSpot                        "hltOnlineBeamSpot"         ""                "MyHLT"   
vector<BeamSpotOnline>                "hltScalersRawToDigi"       ""                "MyHLT"   
vector<DTuROSFEDData>                 "hltMuonDTDigis"            ""                "MyHLT"   
vector<DcsStatus>                     "hltScalersRawToDigi"       ""                "MyHLT"   
vector<L1AcceptBunchCrossing>         "hltScalersRawToDigi"       ""                "MyHLT"   
vector<L1TriggerScalers>              "hltScalersRawToDigi"       ""                "MyHLT"   
vector<L2MuonTrajectorySeed>          "hltL2MuonSeedsPPOnAA"      ""                "MyHLT"   
vector<Level1TriggerScalers>          "hltScalersRawToDigi"       ""                "MyHLT"   
vector<LumiScalers>                   "hltScalersRawToDigi"       ""                "MyHLT"   
vector<TrackCandidate>                "hltIter0IterL3FromL1MuonCkfTrackCandidatesPPOnAA"   ""                "MyHLT"   
vector<TrackCandidate>                "hltIter0IterL3MuonCkfTrackCandidatesPPOnAA"   ""                "MyHLT"   
vector<TrackCandidate>                "hltIter2IterL3FromL1MuonCkfTrackCandidatesPPOnAA"   ""                "MyHLT"   
vector<TrackCandidate>                "hltIter2IterL3MuonCkfTrackCandidatesPPOnAA"   ""                "MyHLT"   
vector<TrackCandidate>                "hltIter3IterL3FromL1MuonCkfTrackCandidatesPPOnAA"   ""                "MyHLT"   
vector<TrackCandidate>                "hltIter3IterL3MuonCkfTrackCandidatesPPOnAA"   ""                "MyHLT"   
vector<TrackCandidate>                "hltIterL3OITrackCandidatesPPOnAA"   ""                "MyHLT"   
vector<TrajectorySeed>                "hltIter0IterL3FromL1MuonPixelSeedsFromPixelTracksPPOnAA"   ""                "MyHLT"   
vector<TrajectorySeed>                "hltIter0IterL3MuonPixelSeedsFromPixelTracksPPOnAA"   ""                "MyHLT"   
vector<TrajectorySeed>                "hltIter2IterL3FromL1MuonPixelSeedsPPOnAA"   ""                "MyHLT"   
vector<TrajectorySeed>                "hltIter2IterL3MuonPixelSeedsPPOnAA"   ""                "MyHLT"   
vector<TrajectorySeed>                "hltIter3IterL3FromL1MuonPixelSeedsPPOnAA"   ""                "MyHLT"   
vector<TrajectorySeed>                "hltIter3IterL3MuonPixelSeedsPPOnAA"   ""                "MyHLT"   
vector<TrajectorySeed>                "hltIterL3OISeedsFromL2MuonsPPOnAA"   ""                "MyHLT"   
vector<TrajectorySeed>                "hltL2OfflineMuonSeeds"     ""                "MyHLT"   
vector<float>                         "hltIter0IterL3FromL1MuonTrackCutClassifierPPOnAA"   "MVAValues"       "MyHLT"   
vector<float>                         "hltIter0IterL3FromL1MuonTrackSelectionHighPurityPPOnAA"   "MVAValues"       "MyHLT"   
vector<float>                         "hltIter0IterL3MuonTrackCutClassifierPPOnAA"   "MVAValues"       "MyHLT"   
vector<float>                         "hltIter0IterL3MuonTrackSelectionHighPurityPPOnAA"   "MVAValues"       "MyHLT"   
vector<float>                         "hltIter2IterL3FromL1MuonMergedPPOnAA"   "MVAValues"       "MyHLT"   
vector<float>                         "hltIter2IterL3FromL1MuonTrackCutClassifierPPOnAA"   "MVAValues"       "MyHLT"   
vector<float>                         "hltIter2IterL3FromL1MuonTrackSelectionHighPurityPPOnAA"   "MVAValues"       "MyHLT"   
vector<float>                         "hltIter2IterL3MuonMergedPPOnAA"   "MVAValues"       "MyHLT"   
vector<float>                         "hltIter2IterL3MuonTrackCutClassifierPPOnAA"   "MVAValues"       "MyHLT"   
vector<float>                         "hltIter2IterL3MuonTrackSelectionHighPurityPPOnAA"   "MVAValues"       "MyHLT"   
vector<float>                         "hltIter3IterL3FromL1MuonMergedPPOnAA"   "MVAValues"       "MyHLT"   
vector<float>                         "hltIter3IterL3FromL1MuonTrackCutClassifierPPOnAA"   "MVAValues"       "MyHLT"   
vector<float>                         "hltIter3IterL3FromL1MuonTrackSelectionHighPurityPPOnAA"   "MVAValues"       "MyHLT"   
vector<float>                         "hltIter3IterL3MuonMergedPPOnAA"   "MVAValues"       "MyHLT"   
vector<float>                         "hltIter3IterL3MuonTrackCutClassifierPPOnAA"   "MVAValues"       "MyHLT"   
vector<float>                         "hltIter3IterL3MuonTrackSelectionHighPurityPPOnAA"   "MVAValues"       "MyHLT"   
vector<float>                         "hltIterL3MuonAndMuonFromL1MergedPPOnAA"   "MVAValues"       "MyHLT"   
vector<float>                         "hltIterL3MuonMergedPPOnAA"   "MVAValues"       "MyHLT"   
vector<float>                         "hltIterL3MuonTracksPPOnAA"   "MVAValues"       "MyHLT"   
vector<float>                         "hltIterL3OIMuonTrackCutClassifierPPOnAA"   "MVAValues"       "MyHLT"   
vector<float>                         "hltIterL3OIMuonTrackSelectionHighPurityPPOnAA"   "MVAValues"       "MyHLT"   
vector<int>                           "hltIter0IterL3FromL1MuonCtfWithMaterialTracksPPOnAA"   ""                "MyHLT"   
vector<int>                           "hltIter0IterL3MuonCtfWithMaterialTracksPPOnAA"   ""                "MyHLT"   
vector<int>                           "hltIter2IterL3FromL1MuonCtfWithMaterialTracksPPOnAA"   ""                "MyHLT"   
vector<int>                           "hltIter2IterL3MuonCtfWithMaterialTracksPPOnAA"   ""                "MyHLT"   
vector<int>                           "hltIter3IterL3FromL1MuonCtfWithMaterialTracksPPOnAA"   ""                "MyHLT"   
vector<int>                           "hltIter3IterL3MuonCtfWithMaterialTracksPPOnAA"   ""                "MyHLT"   
vector<int>                           "hltIterL3OIMuCtfWithMaterialTracksPPOnAA"   ""                "MyHLT"   
vector<reco::CaloMuon>                "hltIterL3MuonsNoIDPPOnAA"   ""                "MyHLT"   
vector<reco::Muon>                    "hltIterL3MuonsNoIDPPOnAA"   ""                "MyHLT"   
vector<reco::Muon>                    "hltIterL3MuonsPPOnAA"      ""                "MyHLT"   
vector<reco::MuonTrackLinks>          "hltIterL3GlbMuonPPOnAA"    ""                "MyHLT"   
vector<reco::MuonTrackLinks>          "hltIterL3MuonsFromL2LinksCombinationPPOnAA"   ""                "MyHLT"   
vector<reco::MuonTrackLinks>          "hltIterL3OIL3MuonsLinksCombinationPPOnAA"   ""                "MyHLT"   
vector<reco::MuonTrackLinks>          "hltL3MuonsIterL3IOPPOnAA"   ""                "MyHLT"   
vector<reco::MuonTrackLinks>          "hltL3MuonsIterL3LinksPPOnAA"   ""                "MyHLT"   
vector<reco::MuonTrackLinks>          "hltL3MuonsIterL3OIPPOnAA"   ""                "MyHLT"   
vector<reco::RecoChargedCandidate>    "hltIter3IterL3MuonL2CandidatesPPOnAA"   ""                "MyHLT"   
vector<reco::RecoChargedCandidate>    "hltIterL3MuonCandidatesPPOnAA"   ""                "MyHLT"   
vector<reco::RecoChargedCandidate>    "hltIterL3OIL3MuonCandidatesPPOnAA"   ""                "MyHLT"   
vector<reco::RecoChargedCandidate>    "hltL2MuonCandidatesPPOnAA"   ""                "MyHLT"   
vector<reco::Track>                   "hltIter0IterL3FromL1MuonCtfWithMaterialTracksPPOnAA"   ""                "MyHLT"   
vector<reco::Track>                   "hltIter0IterL3FromL1MuonTrackSelectionHighPurityPPOnAA"   ""                "MyHLT"   
vector<reco::Track>                   "hltIter0IterL3MuonCtfWithMaterialTracksPPOnAA"   ""                "MyHLT"   
vector<reco::Track>                   "hltIter0IterL3MuonTrackSelectionHighPurityPPOnAA"   ""                "MyHLT"   
vector<reco::Track>                   "hltIter2IterL3FromL1MuonCtfWithMaterialTracksPPOnAA"   ""                "MyHLT"   
vector<reco::Track>                   "hltIter2IterL3FromL1MuonMergedPPOnAA"   ""                "MyHLT"   
vector<reco::Track>                   "hltIter2IterL3FromL1MuonTrackSelectionHighPurityPPOnAA"   ""                "MyHLT"   
vector<reco::Track>                   "hltIter2IterL3MuonCtfWithMaterialTracksPPOnAA"   ""                "MyHLT"   
vector<reco::Track>                   "hltIter2IterL3MuonMergedPPOnAA"   ""                "MyHLT"   
vector<reco::Track>                   "hltIter2IterL3MuonTrackSelectionHighPurityPPOnAA"   ""                "MyHLT"   
vector<reco::Track>                   "hltIter3IterL3FromL1MuonCtfWithMaterialTracksPPOnAA"   ""                "MyHLT"   
vector<reco::Track>                   "hltIter3IterL3FromL1MuonMergedPPOnAA"   ""                "MyHLT"   
vector<reco::Track>                   "hltIter3IterL3FromL1MuonTrackSelectionHighPurityPPOnAA"   ""                "MyHLT"   
vector<reco::Track>                   "hltIter3IterL3MuonCtfWithMaterialTracksPPOnAA"   ""                "MyHLT"   
vector<reco::Track>                   "hltIter3IterL3MuonMergedPPOnAA"   ""                "MyHLT"   
vector<reco::Track>                   "hltIter3IterL3MuonTrackSelectionHighPurityPPOnAA"   ""                "MyHLT"   
vector<reco::Track>                   "hltIterL3FromL1MuonPixelTracksPPOnAA"   ""                "MyHLT"   
vector<reco::Track>                   "hltIterL3GlbMuonPPOnAA"    ""                "MyHLT"   
vector<reco::Track>                   "hltIterL3MuonAndMuonFromL1MergedPPOnAA"   ""                "MyHLT"   
vector<reco::Track>                   "hltIterL3MuonMergedPPOnAA"   ""                "MyHLT"   
vector<reco::Track>                   "hltIterL3MuonPixelTracksPPOnAA"   ""                "MyHLT"   
vector<reco::Track>                   "hltIterL3MuonTracksPPOnAA"   ""                "MyHLT"   
vector<reco::Track>                   "hltIterL3OIL3MuonsPPOnAA"   ""                "MyHLT"   
vector<reco::Track>                   "hltIterL3OIMuCtfWithMaterialTracksPPOnAA"   ""                "MyHLT"   
vector<reco::Track>                   "hltIterL3OIMuonTrackSelectionHighPurityPPOnAA"   ""                "MyHLT"   
vector<reco::Track>                   "hltL2MuonsPPOnAA"          ""                "MyHLT"   
vector<reco::Track>                   "hltL2SelectorForL3IOPPOnAA"   ""                "MyHLT"   
vector<reco::Track>                   "hltL3MuonsIterL3IOPPOnAA"   ""                "MyHLT"   
vector<reco::Track>                   "hltL3MuonsIterL3OIPPOnAA"   ""                "MyHLT"   
vector<reco::Track>                   "hltIterL3GlbMuonPPOnAA"    "L2Seeded"        "MyHLT"   
vector<reco::Track>                   "hltL3MuonsIterL3IOPPOnAA"   "L2Seeded"        "MyHLT"   
vector<reco::Track>                   "hltL3MuonsIterL3OIPPOnAA"   "L2Seeded"        "MyHLT"   
vector<reco::Track>                   "hltL2MuonsPPOnAA"          "UpdatedAtVtx"    "MyHLT"   
vector<reco::TrackExtra>              "hltIter0IterL3FromL1MuonCtfWithMaterialTracksPPOnAA"   ""                "MyHLT"   
vector<reco::TrackExtra>              "hltIter0IterL3FromL1MuonTrackSelectionHighPurityPPOnAA"   ""                "MyHLT"   
vector<reco::TrackExtra>              "hltIter0IterL3MuonCtfWithMaterialTracksPPOnAA"   ""                "MyHLT"   
vector<reco::TrackExtra>              "hltIter0IterL3MuonTrackSelectionHighPurityPPOnAA"   ""                "MyHLT"   
vector<reco::TrackExtra>              "hltIter2IterL3FromL1MuonCtfWithMaterialTracksPPOnAA"   ""                "MyHLT"   
vector<reco::TrackExtra>              "hltIter2IterL3FromL1MuonMergedPPOnAA"   ""                "MyHLT"   
vector<reco::TrackExtra>              "hltIter2IterL3FromL1MuonTrackSelectionHighPurityPPOnAA"   ""                "MyHLT"   
vector<reco::TrackExtra>              "hltIter2IterL3MuonCtfWithMaterialTracksPPOnAA"   ""                "MyHLT"   
vector<reco::TrackExtra>              "hltIter2IterL3MuonMergedPPOnAA"   ""                "MyHLT"   
vector<reco::TrackExtra>              "hltIter2IterL3MuonTrackSelectionHighPurityPPOnAA"   ""                "MyHLT"   
vector<reco::TrackExtra>              "hltIter3IterL3FromL1MuonCtfWithMaterialTracksPPOnAA"   ""                "MyHLT"   
vector<reco::TrackExtra>              "hltIter3IterL3FromL1MuonMergedPPOnAA"   ""                "MyHLT"   
vector<reco::TrackExtra>              "hltIter3IterL3FromL1MuonTrackSelectionHighPurityPPOnAA"   ""                "MyHLT"   
vector<reco::TrackExtra>              "hltIter3IterL3MuonCtfWithMaterialTracksPPOnAA"   ""                "MyHLT"   
vector<reco::TrackExtra>              "hltIter3IterL3MuonMergedPPOnAA"   ""                "MyHLT"   
vector<reco::TrackExtra>              "hltIter3IterL3MuonTrackSelectionHighPurityPPOnAA"   ""                "MyHLT"   
vector<reco::TrackExtra>              "hltIterL3FromL1MuonPixelTracksPPOnAA"   ""                "MyHLT"   
vector<reco::TrackExtra>              "hltIterL3GlbMuonPPOnAA"    ""                "MyHLT"   
vector<reco::TrackExtra>              "hltIterL3MuonAndMuonFromL1MergedPPOnAA"   ""                "MyHLT"   
vector<reco::TrackExtra>              "hltIterL3MuonMergedPPOnAA"   ""                "MyHLT"   
vector<reco::TrackExtra>              "hltIterL3MuonPixelTracksPPOnAA"   ""                "MyHLT"   
vector<reco::TrackExtra>              "hltIterL3MuonTracksPPOnAA"   ""                "MyHLT"   
vector<reco::TrackExtra>              "hltIterL3OIMuCtfWithMaterialTracksPPOnAA"   ""                "MyHLT"   
vector<reco::TrackExtra>              "hltIterL3OIMuonTrackSelectionHighPurityPPOnAA"   ""                "MyHLT"   
vector<reco::TrackExtra>              "hltL2MuonsPPOnAA"          ""                "MyHLT"   
vector<reco::TrackExtra>              "hltL3MuonsIterL3IOPPOnAA"   ""                "MyHLT"   
vector<reco::TrackExtra>              "hltL3MuonsIterL3OIPPOnAA"   ""                "MyHLT"   
vector<reco::TrackExtra>              "hltIterL3GlbMuonPPOnAA"    "L2Seeded"        "MyHLT"   
vector<reco::TrackExtra>              "hltL3MuonsIterL3IOPPOnAA"   "L2Seeded"        "MyHLT"   
vector<reco::TrackExtra>              "hltL3MuonsIterL3OIPPOnAA"   "L2Seeded"        "MyHLT"   
vector<reco::Vertex>                  "hltIterL3FromL1MuonPixelVerticesPPOnAA"   ""                "MyHLT"   
vector<reco::Vertex>                  "hltIterL3FromL1MuonTrimmedPixelVerticesPPOnAA"   ""                "MyHLT"   
vector<reco::Vertex>                  "hltIterL3MuonPixelVerticesPPOnAA"   ""                "MyHLT"   
vector<reco::Vertex>                  "hltIterL3MuonTrimmedPixelVerticesPPOnAA"   ""                "MyHLT"   
vector<unsigned char>                 "hltIter0IterL3FromL1MuonTrackCutClassifierPPOnAA"   "QualityMasks"    "MyHLT"   
vector<unsigned char>                 "hltIter0IterL3FromL1MuonTrackSelectionHighPurityPPOnAA"   "QualityMasks"    "MyHLT"   
vector<unsigned char>                 "hltIter0IterL3MuonTrackCutClassifierPPOnAA"   "QualityMasks"    "MyHLT"   
vector<unsigned char>                 "hltIter0IterL3MuonTrackSelectionHighPurityPPOnAA"   "QualityMasks"    "MyHLT"   
vector<unsigned char>                 "hltIter2IterL3FromL1MuonTrackCutClassifierPPOnAA"   "QualityMasks"    "MyHLT"   
vector<unsigned char>                 "hltIter2IterL3FromL1MuonTrackSelectionHighPurityPPOnAA"   "QualityMasks"    "MyHLT"   
vector<unsigned char>                 "hltIter2IterL3MuonTrackCutClassifierPPOnAA"   "QualityMasks"    "MyHLT"   
vector<unsigned char>                 "hltIter2IterL3MuonTrackSelectionHighPurityPPOnAA"   "QualityMasks"    "MyHLT"   
vector<unsigned char>                 "hltIter3IterL3FromL1MuonTrackCutClassifierPPOnAA"   "QualityMasks"    "MyHLT"   
vector<unsigned char>                 "hltIter3IterL3FromL1MuonTrackSelectionHighPurityPPOnAA"   "QualityMasks"    "MyHLT"   
vector<unsigned char>                 "hltIter3IterL3MuonTrackCutClassifierPPOnAA"   "QualityMasks"    "MyHLT"   
vector<unsigned char>                 "hltIter3IterL3MuonTrackSelectionHighPurityPPOnAA"   "QualityMasks"    "MyHLT"   
vector<unsigned char>                 "hltIterL3OIMuonTrackCutClassifierPPOnAA"   "QualityMasks"    "MyHLT"   
vector<unsigned char>                 "hltIterL3OIMuonTrackSelectionHighPurityPPOnAA"   "QualityMasks"    "MyHLT"   
trigger::TriggerEvent                 "hltTriggerSummaryAOD"      ""                "MyHLT"   
trigger::TriggerEventWithRefs         "hltTriggerSummaryRAW"      ""                "MyHLT"   
trigger::TriggerFilterObjectWithRefs   "hltL1fForIterL3L1fL1sL1DoubleMuOpenL1Filtered0"   ""                "MyHLT"   
trigger::TriggerFilterObjectWithRefs   "hltL1fForIterL3L1fL1sSingleMu3OpenL1Filtered7"   ""                "MyHLT"   
trigger::TriggerFilterObjectWithRefs   "hltL1fL1sL1DoubleMuOpenL1Filtered0"   ""                "MyHLT"   
trigger::TriggerFilterObjectWithRefs   "hltL1fL1sSingleMu3OpenL1Filtered7"   ""                "MyHLT"   
trigger::TriggerFilterObjectWithRefs   "hltL1sDoubleMuOpenBptxAND"   ""                "MyHLT"   
trigger::TriggerFilterObjectWithRefs   "hltL1sSingleMu3OpenBptxAND"   ""                "MyHLT"   
trigger::TriggerFilterObjectWithRefs   "hltL2fL1sL1DoubleMuOpenL1f0L2PreFiltered0"   ""                "MyHLT"   
trigger::TriggerFilterObjectWithRefs   "hltL2fL1sSingleMu3OpenL2Filtered7"   ""                "MyHLT"   
trigger::TriggerFilterObjectWithRefs   "hltL3fL1DoubleMuOpenL3Filtered0"   ""                "MyHLT"   
trigger::TriggerFilterObjectWithRefs   "hltL3fL1sL1SingleMu3OpenL1f7L2f0L3Filtered12"   ""                "MyHLT"   
